<?xml version="1.0" encoding="UTF-8"?>
<testsuite xmlns:xsi="http://www.w3.org/2001/XMLSchema-instance" xsi:noNamespaceSchemaLocation="https://maven.apache.org/surefire/maven-surefire-plugin/xsd/surefire-test-report.xsd" name="com.srikar.test.MyControllerTest" time="10.296" tests="1" errors="0" skipped="0" failures="0">
  <properties>
    <property name="awt.toolkit" value="sun.awt.X11.XToolkit"/>
    <property name="java.specification.version" value="11"/>
    <property name="sun.cpu.isalist" value=""/>
    <property name="sun.jnu.encoding" value="UTF-8"/>
    <property name="java.class.path" value="/c/Users/606420288/workspace/micronaut-mdc-2x/target/test-classes:/c/Users/606420288/workspace/micronaut-mdc-2x/target/classes:/home/elliot/.m2/repository/org/projectlombok/lombok/1.18.0/lombok-1.18.0.jar:/home/elliot/.m2/repository/io/micronaut/micronaut-http-client/2.0.0/micronaut-http-client-2.0.0.jar:/home/elliot/.m2/repository/io/micronaut/micronaut-http-client-core/2.0.0/micronaut-http-client-core-2.0.0.jar:/home/elliot/.m2/repository/io/micronaut/micronaut-websocket/2.0.0/micronaut-websocket-2.0.0.jar:/home/elliot/.m2/repository/io/micronaut/micronaut-http-netty/2.0.0/micronaut-http-netty-2.0.0.jar:/home/elliot/.m2/repository/io/micronaut/micronaut-buffer-netty/2.0.0/micronaut-buffer-netty-2.0.0.jar:/home/elliot/.m2/repository/io/netty/netty-handler/4.1.48.Final/netty-handler-4.1.48.Final.jar:/home/elliot/.m2/repository/io/netty/netty-resolver/4.1.48.Final/netty-resolver-4.1.48.Final.jar:/home/elliot/.m2/repository/io/netty/netty-codec-http2/4.1.48.Final/netty-codec-http2-4.1.48.Final.jar:/home/elliot/.m2/repository/io/netty/netty-handler-proxy/4.1.48.Final/netty-handler-proxy-4.1.48.Final.jar:/home/elliot/.m2/repository/io/netty/netty-common/4.1.48.Final/netty-common-4.1.48.Final.jar:/home/elliot/.m2/repository/io/netty/netty-buffer/4.1.48.Final/netty-buffer-4.1.48.Final.jar:/home/elliot/.m2/repository/io/netty/netty-transport/4.1.48.Final/netty-transport-4.1.48.Final.jar:/home/elliot/.m2/repository/io/netty/netty-codec/4.1.48.Final/netty-codec-4.1.48.Final.jar:/home/elliot/.m2/repository/io/netty/netty-codec-socks/4.1.48.Final/netty-codec-socks-4.1.48.Final.jar:/home/elliot/.m2/repository/org/junit/jupiter/junit-jupiter-engine/5.6.2/junit-jupiter-engine-5.6.2.jar:/home/elliot/.m2/repository/org/apiguardian/apiguardian-api/1.1.0/apiguardian-api-1.1.0.jar:/home/elliot/.m2/repository/org/junit/platform/junit-platform-engine/1.6.2/junit-platform-engine-1.6.2.jar:/home/elliot/.m2/repository/org/opentest4j/opentest4j/1.2.0/opentest4j-1.2.0.jar:/home/elliot/.m2/repository/org/junit/platform/junit-platform-commons/1.6.2/junit-platform-commons-1.6.2.jar:/home/elliot/.m2/repository/org/junit/jupiter/junit-jupiter-api/5.6.2/junit-jupiter-api-5.6.2.jar:/home/elliot/.m2/repository/io/micronaut/micronaut-tracing/2.0.0/micronaut-tracing-2.0.0.jar:/home/elliot/.m2/repository/io/opentracing/opentracing-api/0.33.0/opentracing-api-0.33.0.jar:/home/elliot/.m2/repository/io/opentracing/opentracing-util/0.33.0/opentracing-util-0.33.0.jar:/home/elliot/.m2/repository/io/opentracing/opentracing-noop/0.33.0/opentracing-noop-0.33.0.jar:/home/elliot/.m2/repository/io/micronaut/micronaut-core/2.0.0/micronaut-core-2.0.0.jar:/home/elliot/.m2/repository/com/github/spotbugs/spotbugs-annotations/4.0.3/spotbugs-annotations-4.0.3.jar:/home/elliot/.m2/repository/io/micronaut/micronaut-http/2.0.0/micronaut-http-2.0.0.jar:/home/elliot/.m2/repository/io/micronaut/micronaut-inject/2.0.0/micronaut-inject-2.0.0.jar:/home/elliot/.m2/repository/javax/inject/javax.inject/1/javax.inject-1.jar:/home/elliot/.m2/repository/org/yaml/snakeyaml/1.26/snakeyaml-1.26.jar:/home/elliot/.m2/repository/io/micronaut/micronaut-validation/2.0.0/micronaut-validation-2.0.0.jar:/home/elliot/.m2/repository/javax/validation/validation-api/2.0.1.Final/validation-api-2.0.1.Final.jar:/home/elliot/.m2/repository/io/micronaut/micronaut-runtime/2.0.0/micronaut-runtime-2.0.0.jar:/home/elliot/.m2/repository/io/micronaut/micronaut-aop/2.0.0/micronaut-aop-2.0.0.jar:/home/elliot/.m2/repository/com/fasterxml/jackson/core/jackson-databind/2.11.0/jackson-databind-2.11.0.jar:/home/elliot/.m2/repository/com/fasterxml/jackson/datatype/jackson-datatype-jdk8/2.11.0/jackson-datatype-jdk8-2.11.0.jar:/home/elliot/.m2/repository/com/fasterxml/jackson/datatype/jackson-datatype-jsr310/2.11.0/jackson-datatype-jsr310-2.11.0.jar:/home/elliot/.m2/repository/io/micronaut/micronaut-discovery-client/2.0.0/micronaut-discovery-client-2.0.0.jar:/home/elliot/.m2/repository/javax/annotation/javax.annotation-api/1.3.2/javax.annotation-api-1.3.2.jar:/home/elliot/.m2/repository/io/reactivex/rxjava2/rxjava/2.2.10/rxjava-2.2.10.jar:/home/elliot/.m2/repository/org/reactivestreams/reactive-streams/1.0.2/reactive-streams-1.0.2.jar:/home/elliot/.m2/repository/org/slf4j/slf4j-api/1.7.26/slf4j-api-1.7.26.jar:/home/elliot/.m2/repository/org/zalando/logbook-netty/2.1.0/logbook-netty-2.1.0.jar:/home/elliot/.m2/repository/org/zalando/logbook-api/2.1.0/logbook-api-2.1.0.jar:/home/elliot/.m2/repository/org/organicdesign/Paguro/3.1.2/Paguro-3.1.2.jar:/home/elliot/.m2/repository/io/netty/netty-codec-http/4.1.48.Final/netty-codec-http-4.1.48.Final.jar:/home/elliot/.m2/repository/org/zalando/faux-pas/0.8.0/faux-pas-0.8.0.jar:/home/elliot/.m2/repository/com/google/code/findbugs/jsr305/3.0.2/jsr305-3.0.2.jar:/home/elliot/.m2/repository/org/zalando/logbook-core/2.1.0/logbook-core-2.1.0.jar:/home/elliot/.m2/repository/org/zalando/logbook-common/2.1.0/logbook-common-2.1.0.jar:/home/elliot/.m2/repository/ch/qos/logback/logback-classic/1.2.3/logback-classic-1.2.3.jar:/home/elliot/.m2/repository/ch/qos/logback/logback-core/1.2.3/logback-core-1.2.3.jar:/home/elliot/.m2/repository/io/micronaut/test/micronaut-test-junit5/1.2.0/micronaut-test-junit5-1.2.0.jar:/home/elliot/.m2/repository/io/micronaut/test/micronaut-test-core/1.2.0/micronaut-test-core-1.2.0.jar:/home/elliot/.m2/repository/io/micronaut/micronaut-http-server-netty/2.0.0/micronaut-http-server-netty-2.0.0.jar:/home/elliot/.m2/repository/io/micronaut/micronaut-http-server/2.0.0/micronaut-http-server-2.0.0.jar:/home/elliot/.m2/repository/io/micronaut/micronaut-router/2.0.0/micronaut-router-2.0.0.jar:/home/elliot/.m2/repository/com/github/tomakehurst/wiremock/2.27.1/wiremock-2.27.1.jar:/home/elliot/.m2/repository/org/eclipse/jetty/jetty-server/9.2.28.v20190418/jetty-server-9.2.28.v20190418.jar:/home/elliot/.m2/repository/javax/servlet/javax.servlet-api/3.1.0/javax.servlet-api-3.1.0.jar:/home/elliot/.m2/repository/org/eclipse/jetty/jetty-http/9.2.28.v20190418/jetty-http-9.2.28.v20190418.jar:/home/elliot/.m2/repository/org/eclipse/jetty/jetty-io/9.2.28.v20190418/jetty-io-9.2.28.v20190418.jar:/home/elliot/.m2/repository/org/eclipse/jetty/jetty-servlet/9.2.28.v20190418/jetty-servlet-9.2.28.v20190418.jar:/home/elliot/.m2/repository/org/eclipse/jetty/jetty-security/9.2.28.v20190418/jetty-security-9.2.28.v20190418.jar:/home/elliot/.m2/repository/org/eclipse/jetty/jetty-servlets/9.2.28.v20190418/jetty-servlets-9.2.28.v20190418.jar:/home/elliot/.m2/repository/org/eclipse/jetty/jetty-continuation/9.2.28.v20190418/jetty-continuation-9.2.28.v20190418.jar:/home/elliot/.m2/repository/org/eclipse/jetty/jetty-util/9.2.28.v20190418/jetty-util-9.2.28.v20190418.jar:/home/elliot/.m2/repository/org/eclipse/jetty/jetty-webapp/9.2.28.v20190418/jetty-webapp-9.2.28.v20190418.jar:/home/elliot/.m2/repository/org/eclipse/jetty/jetty-xml/9.2.28.v20190418/jetty-xml-9.2.28.v20190418.jar:/home/elliot/.m2/repository/org/eclipse/jetty/jetty-proxy/9.2.28.v20190418/jetty-proxy-9.2.28.v20190418.jar:/home/elliot/.m2/repository/org/eclipse/jetty/jetty-client/9.2.28.v20190418/jetty-client-9.2.28.v20190418.jar:/home/elliot/.m2/repository/com/google/guava/guava/20.0/guava-20.0.jar:/home/elliot/.m2/repository/com/fasterxml/jackson/core/jackson-core/2.11.0/jackson-core-2.11.0.jar:/home/elliot/.m2/repository/com/fasterxml/jackson/core/jackson-annotations/2.11.0/jackson-annotations-2.11.0.jar:/home/elliot/.m2/repository/org/apache/httpcomponents/httpclient/4.5.12/httpclient-4.5.12.jar:/home/elliot/.m2/repository/org/apache/httpcomponents/httpcore/4.4.13/httpcore-4.4.13.jar:/home/elliot/.m2/repository/commons-logging/commons-logging/1.2/commons-logging-1.2.jar:/home/elliot/.m2/repository/commons-codec/commons-codec/1.11/commons-codec-1.11.jar:/home/elliot/.m2/repository/org/xmlunit/xmlunit-core/2.7.0/xmlunit-core-2.7.0.jar:/home/elliot/.m2/repository/javax/xml/bind/jaxb-api/2.3.0/jaxb-api-2.3.0.jar:/home/elliot/.m2/repository/org/xmlunit/xmlunit-legacy/2.7.0/xmlunit-legacy-2.7.0.jar:/home/elliot/.m2/repository/org/xmlunit/xmlunit-placeholders/2.7.0/xmlunit-placeholders-2.7.0.jar:/home/elliot/.m2/repository/com/jayway/jsonpath/json-path/2.4.0/json-path-2.4.0.jar:/home/elliot/.m2/repository/net/minidev/json-smart/2.3/json-smart-2.3.jar:/home/elliot/.m2/repository/net/minidev/accessors-smart/1.2/accessors-smart-1.2.jar:/home/elliot/.m2/repository/org/ow2/asm/asm/7.0/asm-7.0.jar:/home/elliot/.m2/repository/net/sf/jopt-simple/jopt-simple/5.0.3/jopt-simple-5.0.3.jar:/home/elliot/.m2/repository/org/apache/commons/commons-lang3/3.7/commons-lang3-3.7.jar:/home/elliot/.m2/repository/com/github/jknack/handlebars/4.0.7/handlebars-4.0.7.jar:/home/elliot/.m2/repository/org/antlr/antlr4-runtime/4.7.1/antlr4-runtime-4.7.1.jar:/home/elliot/.m2/repository/com/github/jknack/handlebars-helpers/4.0.7/handlebars-helpers-4.0.7.jar:/home/elliot/.m2/repository/com/flipkart/zjsonpatch/zjsonpatch/0.4.4/zjsonpatch-0.4.4.jar:/home/elliot/.m2/repository/commons-fileupload/commons-fileupload/1.4/commons-fileupload-1.4.jar:/home/elliot/.m2/repository/commons-io/commons-io/2.2/commons-io-2.2.jar:"/>
    <property name="java.vm.vendor" value="Ubuntu"/>
    <property name="sun.arch.data.model" value="64"/>
    <property name="java.vendor.url" value="https://ubuntu.com/"/>
    <property name="user.timezone" value=""/>
    <property name="java.vm.specification.version" value="11"/>
    <property name="os.name" value="Linux"/>
    <property name="sun.java.launcher" value="SUN_STANDARD"/>
    <property name="sun.boot.library.path" value="/usr/lib/jvm/java-11-openjdk-amd64/lib"/>
    <property name="sun.java.command" value="/c/Users/606420288/workspace/micronaut-mdc-2x/target/surefire/surefirebooter12508958666211634617.jar /c/Users/606420288/workspace/micronaut-mdc-2x/target/surefire 2020-08-25T15-06-47_302-jvmRun1 surefire262152624160952943tmp surefire_010611850102380009506tmp"/>
    <property name="jdk.debug" value="release"/>
    <property name="surefire.test.class.path" value="/c/Users/606420288/workspace/micronaut-mdc-2x/target/test-classes:/c/Users/606420288/workspace/micronaut-mdc-2x/target/classes:/home/elliot/.m2/repository/org/projectlombok/lombok/1.18.0/lombok-1.18.0.jar:/home/elliot/.m2/repository/io/micronaut/micronaut-http-client/2.0.0/micronaut-http-client-2.0.0.jar:/home/elliot/.m2/repository/io/micronaut/micronaut-http-client-core/2.0.0/micronaut-http-client-core-2.0.0.jar:/home/elliot/.m2/repository/io/micronaut/micronaut-websocket/2.0.0/micronaut-websocket-2.0.0.jar:/home/elliot/.m2/repository/io/micronaut/micronaut-http-netty/2.0.0/micronaut-http-netty-2.0.0.jar:/home/elliot/.m2/repository/io/micronaut/micronaut-buffer-netty/2.0.0/micronaut-buffer-netty-2.0.0.jar:/home/elliot/.m2/repository/io/netty/netty-handler/4.1.48.Final/netty-handler-4.1.48.Final.jar:/home/elliot/.m2/repository/io/netty/netty-resolver/4.1.48.Final/netty-resolver-4.1.48.Final.jar:/home/elliot/.m2/repository/io/netty/netty-codec-http2/4.1.48.Final/netty-codec-http2-4.1.48.Final.jar:/home/elliot/.m2/repository/io/netty/netty-handler-proxy/4.1.48.Final/netty-handler-proxy-4.1.48.Final.jar:/home/elliot/.m2/repository/io/netty/netty-common/4.1.48.Final/netty-common-4.1.48.Final.jar:/home/elliot/.m2/repository/io/netty/netty-buffer/4.1.48.Final/netty-buffer-4.1.48.Final.jar:/home/elliot/.m2/repository/io/netty/netty-transport/4.1.48.Final/netty-transport-4.1.48.Final.jar:/home/elliot/.m2/repository/io/netty/netty-codec/4.1.48.Final/netty-codec-4.1.48.Final.jar:/home/elliot/.m2/repository/io/netty/netty-codec-socks/4.1.48.Final/netty-codec-socks-4.1.48.Final.jar:/home/elliot/.m2/repository/org/junit/jupiter/junit-jupiter-engine/5.6.2/junit-jupiter-engine-5.6.2.jar:/home/elliot/.m2/repository/org/apiguardian/apiguardian-api/1.1.0/apiguardian-api-1.1.0.jar:/home/elliot/.m2/repository/org/junit/platform/junit-platform-engine/1.6.2/junit-platform-engine-1.6.2.jar:/home/elliot/.m2/repository/org/opentest4j/opentest4j/1.2.0/opentest4j-1.2.0.jar:/home/elliot/.m2/repository/org/junit/platform/junit-platform-commons/1.6.2/junit-platform-commons-1.6.2.jar:/home/elliot/.m2/repository/org/junit/jupiter/junit-jupiter-api/5.6.2/junit-jupiter-api-5.6.2.jar:/home/elliot/.m2/repository/io/micronaut/micronaut-tracing/2.0.0/micronaut-tracing-2.0.0.jar:/home/elliot/.m2/repository/io/opentracing/opentracing-api/0.33.0/opentracing-api-0.33.0.jar:/home/elliot/.m2/repository/io/opentracing/opentracing-util/0.33.0/opentracing-util-0.33.0.jar:/home/elliot/.m2/repository/io/opentracing/opentracing-noop/0.33.0/opentracing-noop-0.33.0.jar:/home/elliot/.m2/repository/io/micronaut/micronaut-core/2.0.0/micronaut-core-2.0.0.jar:/home/elliot/.m2/repository/com/github/spotbugs/spotbugs-annotations/4.0.3/spotbugs-annotations-4.0.3.jar:/home/elliot/.m2/repository/io/micronaut/micronaut-http/2.0.0/micronaut-http-2.0.0.jar:/home/elliot/.m2/repository/io/micronaut/micronaut-inject/2.0.0/micronaut-inject-2.0.0.jar:/home/elliot/.m2/repository/javax/inject/javax.inject/1/javax.inject-1.jar:/home/elliot/.m2/repository/org/yaml/snakeyaml/1.26/snakeyaml-1.26.jar:/home/elliot/.m2/repository/io/micronaut/micronaut-validation/2.0.0/micronaut-validation-2.0.0.jar:/home/elliot/.m2/repository/javax/validation/validation-api/2.0.1.Final/validation-api-2.0.1.Final.jar:/home/elliot/.m2/repository/io/micronaut/micronaut-runtime/2.0.0/micronaut-runtime-2.0.0.jar:/home/elliot/.m2/repository/io/micronaut/micronaut-aop/2.0.0/micronaut-aop-2.0.0.jar:/home/elliot/.m2/repository/com/fasterxml/jackson/core/jackson-databind/2.11.0/jackson-databind-2.11.0.jar:/home/elliot/.m2/repository/com/fasterxml/jackson/datatype/jackson-datatype-jdk8/2.11.0/jackson-datatype-jdk8-2.11.0.jar:/home/elliot/.m2/repository/com/fasterxml/jackson/datatype/jackson-datatype-jsr310/2.11.0/jackson-datatype-jsr310-2.11.0.jar:/home/elliot/.m2/repository/io/micronaut/micronaut-discovery-client/2.0.0/micronaut-discovery-client-2.0.0.jar:/home/elliot/.m2/repository/javax/annotation/javax.annotation-api/1.3.2/javax.annotation-api-1.3.2.jar:/home/elliot/.m2/repository/io/reactivex/rxjava2/rxjava/2.2.10/rxjava-2.2.10.jar:/home/elliot/.m2/repository/org/reactivestreams/reactive-streams/1.0.2/reactive-streams-1.0.2.jar:/home/elliot/.m2/repository/org/slf4j/slf4j-api/1.7.26/slf4j-api-1.7.26.jar:/home/elliot/.m2/repository/org/zalando/logbook-netty/2.1.0/logbook-netty-2.1.0.jar:/home/elliot/.m2/repository/org/zalando/logbook-api/2.1.0/logbook-api-2.1.0.jar:/home/elliot/.m2/repository/org/organicdesign/Paguro/3.1.2/Paguro-3.1.2.jar:/home/elliot/.m2/repository/io/netty/netty-codec-http/4.1.48.Final/netty-codec-http-4.1.48.Final.jar:/home/elliot/.m2/repository/org/zalando/faux-pas/0.8.0/faux-pas-0.8.0.jar:/home/elliot/.m2/repository/com/google/code/findbugs/jsr305/3.0.2/jsr305-3.0.2.jar:/home/elliot/.m2/repository/org/zalando/logbook-core/2.1.0/logbook-core-2.1.0.jar:/home/elliot/.m2/repository/org/zalando/logbook-common/2.1.0/logbook-common-2.1.0.jar:/home/elliot/.m2/repository/ch/qos/logback/logback-classic/1.2.3/logback-classic-1.2.3.jar:/home/elliot/.m2/repository/ch/qos/logback/logback-core/1.2.3/logback-core-1.2.3.jar:/home/elliot/.m2/repository/io/micronaut/test/micronaut-test-junit5/1.2.0/micronaut-test-junit5-1.2.0.jar:/home/elliot/.m2/repository/io/micronaut/test/micronaut-test-core/1.2.0/micronaut-test-core-1.2.0.jar:/home/elliot/.m2/repository/io/micronaut/micronaut-http-server-netty/2.0.0/micronaut-http-server-netty-2.0.0.jar:/home/elliot/.m2/repository/io/micronaut/micronaut-http-server/2.0.0/micronaut-http-server-2.0.0.jar:/home/elliot/.m2/repository/io/micronaut/micronaut-router/2.0.0/micronaut-router-2.0.0.jar:/home/elliot/.m2/repository/com/github/tomakehurst/wiremock/2.27.1/wiremock-2.27.1.jar:/home/elliot/.m2/repository/org/eclipse/jetty/jetty-server/9.2.28.v20190418/jetty-server-9.2.28.v20190418.jar:/home/elliot/.m2/repository/javax/servlet/javax.servlet-api/3.1.0/javax.servlet-api-3.1.0.jar:/home/elliot/.m2/repository/org/eclipse/jetty/jetty-http/9.2.28.v20190418/jetty-http-9.2.28.v20190418.jar:/home/elliot/.m2/repository/org/eclipse/jetty/jetty-io/9.2.28.v20190418/jetty-io-9.2.28.v20190418.jar:/home/elliot/.m2/repository/org/eclipse/jetty/jetty-servlet/9.2.28.v20190418/jetty-servlet-9.2.28.v20190418.jar:/home/elliot/.m2/repository/org/eclipse/jetty/jetty-security/9.2.28.v20190418/jetty-security-9.2.28.v20190418.jar:/home/elliot/.m2/repository/org/eclipse/jetty/jetty-servlets/9.2.28.v20190418/jetty-servlets-9.2.28.v20190418.jar:/home/elliot/.m2/repository/org/eclipse/jetty/jetty-continuation/9.2.28.v20190418/jetty-continuation-9.2.28.v20190418.jar:/home/elliot/.m2/repository/org/eclipse/jetty/jetty-util/9.2.28.v20190418/jetty-util-9.2.28.v20190418.jar:/home/elliot/.m2/repository/org/eclipse/jetty/jetty-webapp/9.2.28.v20190418/jetty-webapp-9.2.28.v20190418.jar:/home/elliot/.m2/repository/org/eclipse/jetty/jetty-xml/9.2.28.v20190418/jetty-xml-9.2.28.v20190418.jar:/home/elliot/.m2/repository/org/eclipse/jetty/jetty-proxy/9.2.28.v20190418/jetty-proxy-9.2.28.v20190418.jar:/home/elliot/.m2/repository/org/eclipse/jetty/jetty-client/9.2.28.v20190418/jetty-client-9.2.28.v20190418.jar:/home/elliot/.m2/repository/com/google/guava/guava/20.0/guava-20.0.jar:/home/elliot/.m2/repository/com/fasterxml/jackson/core/jackson-core/2.11.0/jackson-core-2.11.0.jar:/home/elliot/.m2/repository/com/fasterxml/jackson/core/jackson-annotations/2.11.0/jackson-annotations-2.11.0.jar:/home/elliot/.m2/repository/org/apache/httpcomponents/httpclient/4.5.12/httpclient-4.5.12.jar:/home/elliot/.m2/repository/org/apache/httpcomponents/httpcore/4.4.13/httpcore-4.4.13.jar:/home/elliot/.m2/repository/commons-logging/commons-logging/1.2/commons-logging-1.2.jar:/home/elliot/.m2/repository/commons-codec/commons-codec/1.11/commons-codec-1.11.jar:/home/elliot/.m2/repository/org/xmlunit/xmlunit-core/2.7.0/xmlunit-core-2.7.0.jar:/home/elliot/.m2/repository/javax/xml/bind/jaxb-api/2.3.0/jaxb-api-2.3.0.jar:/home/elliot/.m2/repository/org/xmlunit/xmlunit-legacy/2.7.0/xmlunit-legacy-2.7.0.jar:/home/elliot/.m2/repository/org/xmlunit/xmlunit-placeholders/2.7.0/xmlunit-placeholders-2.7.0.jar:/home/elliot/.m2/repository/com/jayway/jsonpath/json-path/2.4.0/json-path-2.4.0.jar:/home/elliot/.m2/repository/net/minidev/json-smart/2.3/json-smart-2.3.jar:/home/elliot/.m2/repository/net/minidev/accessors-smart/1.2/accessors-smart-1.2.jar:/home/elliot/.m2/repository/org/ow2/asm/asm/7.0/asm-7.0.jar:/home/elliot/.m2/repository/net/sf/jopt-simple/jopt-simple/5.0.3/jopt-simple-5.0.3.jar:/home/elliot/.m2/repository/org/apache/commons/commons-lang3/3.7/commons-lang3-3.7.jar:/home/elliot/.m2/repository/com/github/jknack/handlebars/4.0.7/handlebars-4.0.7.jar:/home/elliot/.m2/repository/org/antlr/antlr4-runtime/4.7.1/antlr4-runtime-4.7.1.jar:/home/elliot/.m2/repository/com/github/jknack/handlebars-helpers/4.0.7/handlebars-helpers-4.0.7.jar:/home/elliot/.m2/repository/com/flipkart/zjsonpatch/zjsonpatch/0.4.4/zjsonpatch-0.4.4.jar:/home/elliot/.m2/repository/commons-fileupload/commons-fileupload/1.4/commons-fileupload-1.4.jar:/home/elliot/.m2/repository/commons-io/commons-io/2.2/commons-io-2.2.jar:"/>
    <property name="sun.cpu.endian" value="little"/>
    <property name="user.home" value="/home/elliot"/>
    <property name="user.language" value="en"/>
    <property name="java.specification.vendor" value="Oracle Corporation"/>
    <property name="java.version.date" value="2020-01-14"/>
    <property name="java.home" value="/usr/lib/jvm/java-11-openjdk-amd64"/>
    <property name="file.separator" value="/"/>
    <property name="basedir" value="/c/Users/606420288/workspace/micronaut-mdc-2x"/>
    <property name="java.vm.compressedOopsMode" value="Zero based"/>
    <property name="line.separator" value="&#10;"/>
    <property name="java.specification.name" value="Java Platform API Specification"/>
    <property name="java.vm.specification.vendor" value="Oracle Corporation"/>
    <property name="java.awt.graphicsenv" value="sun.awt.X11GraphicsEnvironment"/>
    <property name="surefire.real.class.path" value="/c/Users/606420288/workspace/micronaut-mdc-2x/target/surefire/surefirebooter12508958666211634617.jar"/>
    <property name="sun.management.compiler" value="HotSpot 64-Bit Tiered Compilers"/>
    <property name="java.runtime.version" value="11.0.6+10-post-Ubuntu-1ubuntu118.04.1"/>
    <property name="user.name" value="elliot"/>
    <property name="path.separator" value=":"/>
    <property name="os.version" value="4.4.0-17134-Microsoft"/>
    <property name="java.runtime.name" value="OpenJDK Runtime Environment"/>
    <property name="file.encoding" value="UTF-8"/>
    <property name="java.vm.name" value="OpenJDK 64-Bit Server VM"/>
    <property name="localRepository" value="/home/elliot/.m2/repository"/>
    <property name="java.vendor.url.bug" value="https://bugs.launchpad.net/ubuntu/+source/openjdk-lts"/>
    <property name="java.io.tmpdir" value="/tmp"/>
    <property name="java.version" value="11.0.6"/>
    <property name="user.dir" value="/c/Users/606420288/workspace/micronaut-mdc-2x"/>
    <property name="os.arch" value="amd64"/>
    <property name="java.vm.specification.name" value="Java Virtual Machine Specification"/>
    <property name="java.awt.printerjob" value="sun.print.PSPrinterJob"/>
    <property name="sun.os.patch.level" value="unknown"/>
    <property name="java.library.path" value="/usr/java/packages/lib:/usr/lib/x86_64-linux-gnu/jni:/lib/x86_64-linux-gnu:/usr/lib/x86_64-linux-gnu:/usr/lib/jni:/lib:/usr/lib"/>
    <property name="java.vendor" value="Ubuntu"/>
    <property name="java.vm.info" value="mixed mode, sharing"/>
    <property name="java.vm.version" value="11.0.6+10-post-Ubuntu-1ubuntu118.04.1"/>
    <property name="sun.io.unicode.encoding" value="UnicodeLittle"/>
    <property name="java.class.version" value="55.0"/>
  </properties>
  <testcase name="hello" classname="com.srikar.test.MyControllerTest" time="2.918"/>
</testsuite>